<?xml version="1.0" encoding="UTF-8"?>
<!-- Generated by org.testng.reporters.JUnitReportReporter -->
<testsuite hostname="DESKTOP-QPKTBT9" failures="0" tests="1" name="Puzzle.AutoTest.PUZZLE" time="34.666" errors="0" timestamp="2023-08-10T15:41:41 TST" skipped="0">
  <testcase classname="Puzzle.AutoTest.PUZZLE" name="DA004" time="34.666"/>
</testsuite> <!-- Puzzle.AutoTest.PUZZLE -->
